build/app/intermediates/manifest_merge_blame_file/release/manifest-merger-blame-release-report.txt
1<?xml version="1.0" encoding="utf-8"?>
2<manifest xmlns:android="http://schemas.android.com/apk/res/android"
3    package="school.mero.lms"
4    android:versionCode="122"
5    android:versionName="0.72.0" >
6
7    <uses-sdk
8        android:minSdkVersion="21"
8-->src/main/AndroidManifest.xml
9        android:targetSdkVersion="32" />
9-->src/main/AndroidManifest.xml
10    <!--
11         io.flutter.app.FlutterApplication is an android.app.Application that
12         calls FlutterMain.startInitialization(this); in its onCreate method.
13         In most cases you can leave this as-is, but you if you want to provide
14         additional functionality it is fine to subclass or reimplement
15         FlutterApplication and put your custom class here.
16    -->
17    <queries>
17-->src/main/AndroidManifest.xml:11:5-30:11
18        <provider android:authorities="com.facebook.katana.provider.PlatformProvider" />
18-->src/main/AndroidManifest.xml:12:9-89
18-->src/main/AndroidManifest.xml:12:19-86
19
20        <!-- If your app opens https URLs -->
21        <intent>
21-->src/main/AndroidManifest.xml:15:3-18:12
22            <action android:name="android.intent.action.VIEW" />
22-->src/main/AndroidManifest.xml:16:5-57
22-->src/main/AndroidManifest.xml:16:13-54
23
24            <data android:scheme="https" />
24-->src/main/AndroidManifest.xml:17:5-36
24-->src/main/AndroidManifest.xml:17:11-33
25        </intent>
26        <!-- If your app makes calls -->
27        <intent>
27-->src/main/AndroidManifest.xml:20:3-23:12
28            <action android:name="android.intent.action.DIAL" />
28-->src/main/AndroidManifest.xml:21:5-57
28-->src/main/AndroidManifest.xml:21:13-54
29
30            <data android:scheme="tel" />
30-->src/main/AndroidManifest.xml:17:5-36
30-->src/main/AndroidManifest.xml:17:11-33
31        </intent>
32
33        <!-- If your app sends emails -->
34        <intent>
34-->src/main/AndroidManifest.xml:26:3-29:12
35            <action android:name="android.intent.action.SEND" />
35-->src/main/AndroidManifest.xml:27:5-57
35-->src/main/AndroidManifest.xml:27:13-54
36
37            <data android:mimeType="*/*" />
37-->src/main/AndroidManifest.xml:17:5-36
37-->src/main/AndroidManifest.xml:28:11-33
38        </intent>
39        <intent>
39-->[:flutter_inappwebview] AndroidManifest.xml:10:9-12:18
40            <action android:name="android.support.customtabs.action.CustomTabsService" />
40-->[:flutter_inappwebview] AndroidManifest.xml:11:13-90
40-->[:flutter_inappwebview] AndroidManifest.xml:11:21-87
41        </intent>
42        <intent>
42-->[:flutter_downloader] AndroidManifest.xml:11:9-13:18
43            <action android:name="android.intent.action.VIEW" />
43-->src/main/AndroidManifest.xml:16:5-57
43-->src/main/AndroidManifest.xml:16:13-54
44        </intent>
45
46        <package android:name="com.facebook.katana" />
46-->[com.facebook.android:facebook-common:14.1.1] AndroidManifest.xml:30:9-55
46-->[com.facebook.android:facebook-common:14.1.1] AndroidManifest.xml:30:18-52
47
48        <intent>
48-->[androidx.media:media:1.3.1] AndroidManifest.xml:25:9-27:18
49            <action android:name="android.media.browse.MediaBrowserService" />
49-->[androidx.media:media:1.3.1] AndroidManifest.xml:26:13-79
49-->[androidx.media:media:1.3.1] AndroidManifest.xml:26:21-76
50        </intent>
51    </queries>
52
53    <uses-permission android:name="android.permission.INTERNET" />
53-->src/main/AndroidManifest.xml:32:5-67
53-->src/main/AndroidManifest.xml:32:22-64
54    <uses-permission android:name="android.permission.WRITE_EXTERNAL_STORAGE" />
54-->src/main/AndroidManifest.xml:33:5-81
54-->src/main/AndroidManifest.xml:33:22-78
55    <uses-permission android:name="android.permission.READ_EXTERNAL_STORAGE" />
55-->src/main/AndroidManifest.xml:34:5-79
55-->src/main/AndroidManifest.xml:34:22-77
56    <uses-permission android:name="android.permission.WAKE_LOCK" />
56-->[:firebase_messaging] AndroidManifest.xml:10:5-68
56-->[:firebase_messaging] AndroidManifest.xml:10:22-65
57    <uses-permission android:name="android.permission.ACCESS_NETWORK_STATE" />
57-->[:firebase_messaging] AndroidManifest.xml:11:5-79
57-->[:firebase_messaging] AndroidManifest.xml:11:22-76
58    <uses-permission android:name="android.permission.RECEIVE_BOOT_COMPLETED" />
58-->[:flutter_local_notifications] AndroidManifest.xml:9:5-81
58-->[:flutter_local_notifications] AndroidManifest.xml:9:22-78
59    <uses-permission android:name="android.permission.VIBRATE" />
59-->[:flutter_local_notifications] AndroidManifest.xml:10:5-66
59-->[:flutter_local_notifications] AndroidManifest.xml:10:22-63
60    <uses-permission android:name="android.permission.USE_FULL_SCREEN_INTENT" />
60-->[:flutter_local_notifications] AndroidManifest.xml:11:5-81
60-->[:flutter_local_notifications] AndroidManifest.xml:11:22-78
61    <uses-permission android:name="android.permission.SCHEDULE_EXACT_ALARM" />
61-->[:flutter_local_notifications] AndroidManifest.xml:12:5-79
61-->[:flutter_local_notifications] AndroidManifest.xml:12:22-76
62    <uses-permission android:name="android.permission.POST_NOTIFICATIONS" />
62-->[:flutter_local_notifications] AndroidManifest.xml:13:5-77
62-->[:flutter_local_notifications] AndroidManifest.xml:13:22-74
63    <uses-permission android:name="com.android.vending.BILLING" /> <!-- Required by older versions of Google Play services to create IID tokens -->
63-->[com.android.billingclient:billing-ktx:4.1.0] AndroidManifest.xml:9:5-67
63-->[com.android.billingclient:billing-ktx:4.1.0] AndroidManifest.xml:9:22-64
64    <uses-permission android:name="com.google.android.c2dm.permission.RECEIVE" />
64-->[com.google.firebase:firebase-messaging:23.0.8] AndroidManifest.xml:29:5-82
64-->[com.google.firebase:firebase-messaging:23.0.8] AndroidManifest.xml:29:22-79
65    <uses-permission android:name="com.google.android.gms.permission.AD_ID" />
65-->[com.google.android.gms:play-services-measurement-api:21.1.1] AndroidManifest.xml:25:5-79
65-->[com.google.android.gms:play-services-measurement-api:21.1.1] AndroidManifest.xml:25:22-76
66    <uses-permission android:name="com.google.android.finsky.permission.BIND_GET_INSTALL_REFERRER_SERVICE" />
66-->[com.google.android.gms:play-services-measurement:21.1.1] AndroidManifest.xml:26:5-110
66-->[com.google.android.gms:play-services-measurement:21.1.1] AndroidManifest.xml:26:22-107
67    <uses-permission android:name="android.permission.FOREGROUND_SERVICE" /> <!-- for android -->
67-->[androidx.work:work-runtime:2.7.1] AndroidManifest.xml:28:5-77
67-->[androidx.work:work-runtime:2.7.1] AndroidManifest.xml:28:22-74
68    <!-- <uses-permission android:name="com.android.launcher.permission.READ_SETTINGS"/> -->
69    <!-- <uses-permission android:name="com.android.launcher.permission.WRITE_SETTINGS"/> -->
70    <!-- <uses-permission android:name="com.android.launcher.permission.INSTALL_SHORTCUT" /> -->
71    <!-- <uses-permission android:name="com.android.launcher.permission.UNINSTALL_SHORTCUT" /> -->
72    <!-- for Samsung -->
73    <uses-permission android:name="com.sec.android.provider.badge.permission.READ" />
73-->[me.leolin:ShortcutBadger:1.1.22] AndroidManifest.xml:19:5-86
73-->[me.leolin:ShortcutBadger:1.1.22] AndroidManifest.xml:19:22-83
74    <uses-permission android:name="com.sec.android.provider.badge.permission.WRITE" /> <!-- for htc -->
74-->[me.leolin:ShortcutBadger:1.1.22] AndroidManifest.xml:20:5-87
74-->[me.leolin:ShortcutBadger:1.1.22] AndroidManifest.xml:20:22-84
75    <uses-permission android:name="com.htc.launcher.permission.READ_SETTINGS" />
75-->[me.leolin:ShortcutBadger:1.1.22] AndroidManifest.xml:23:5-81
75-->[me.leolin:ShortcutBadger:1.1.22] AndroidManifest.xml:23:22-78
76    <uses-permission android:name="com.htc.launcher.permission.UPDATE_SHORTCUT" /> <!-- for sony -->
76-->[me.leolin:ShortcutBadger:1.1.22] AndroidManifest.xml:24:5-83
76-->[me.leolin:ShortcutBadger:1.1.22] AndroidManifest.xml:24:22-80
77    <uses-permission android:name="com.sonyericsson.home.permission.BROADCAST_BADGE" />
77-->[me.leolin:ShortcutBadger:1.1.22] AndroidManifest.xml:27:5-88
77-->[me.leolin:ShortcutBadger:1.1.22] AndroidManifest.xml:27:22-85
78    <uses-permission android:name="com.sonymobile.home.permission.PROVIDER_INSERT_BADGE" /> <!-- for apex -->
78-->[me.leolin:ShortcutBadger:1.1.22] AndroidManifest.xml:28:5-92
78-->[me.leolin:ShortcutBadger:1.1.22] AndroidManifest.xml:28:22-89
79    <uses-permission android:name="com.anddoes.launcher.permission.UPDATE_COUNT" /> <!-- for solid -->
79-->[me.leolin:ShortcutBadger:1.1.22] AndroidManifest.xml:31:5-84
79-->[me.leolin:ShortcutBadger:1.1.22] AndroidManifest.xml:31:22-81
80    <uses-permission android:name="com.majeur.launcher.permission.UPDATE_BADGE" /> <!-- for huawei -->
80-->[me.leolin:ShortcutBadger:1.1.22] AndroidManifest.xml:34:5-83
80-->[me.leolin:ShortcutBadger:1.1.22] AndroidManifest.xml:34:22-80
81    <uses-permission android:name="com.huawei.android.launcher.permission.CHANGE_BADGE" />
81-->[me.leolin:ShortcutBadger:1.1.22] AndroidManifest.xml:37:5-91
81-->[me.leolin:ShortcutBadger:1.1.22] AndroidManifest.xml:37:22-88
82    <uses-permission android:name="com.huawei.android.launcher.permission.READ_SETTINGS" />
82-->[me.leolin:ShortcutBadger:1.1.22] AndroidManifest.xml:38:5-92
82-->[me.leolin:ShortcutBadger:1.1.22] AndroidManifest.xml:38:22-89
83    <uses-permission android:name="com.huawei.android.launcher.permission.WRITE_SETTINGS" /> <!-- for ZUK -->
83-->[me.leolin:ShortcutBadger:1.1.22] AndroidManifest.xml:39:5-93
83-->[me.leolin:ShortcutBadger:1.1.22] AndroidManifest.xml:39:22-90
84    <uses-permission android:name="android.permission.READ_APP_BADGE" /> <!-- for OPPO -->
84-->[me.leolin:ShortcutBadger:1.1.22] AndroidManifest.xml:42:5-73
84-->[me.leolin:ShortcutBadger:1.1.22] AndroidManifest.xml:42:22-70
85    <uses-permission android:name="com.oppo.launcher.permission.READ_SETTINGS" />
85-->[me.leolin:ShortcutBadger:1.1.22] AndroidManifest.xml:45:5-82
85-->[me.leolin:ShortcutBadger:1.1.22] AndroidManifest.xml:45:22-79
86    <uses-permission android:name="com.oppo.launcher.permission.WRITE_SETTINGS" /> <!-- for EvMe -->
86-->[me.leolin:ShortcutBadger:1.1.22] AndroidManifest.xml:46:5-83
86-->[me.leolin:ShortcutBadger:1.1.22] AndroidManifest.xml:46:22-80
87    <uses-permission android:name="me.everything.badger.permission.BADGE_COUNT_READ" />
87-->[me.leolin:ShortcutBadger:1.1.22] AndroidManifest.xml:49:5-88
87-->[me.leolin:ShortcutBadger:1.1.22] AndroidManifest.xml:49:22-85
88    <uses-permission android:name="me.everything.badger.permission.BADGE_COUNT_WRITE" />
88-->[me.leolin:ShortcutBadger:1.1.22] AndroidManifest.xml:50:5-89
88-->[me.leolin:ShortcutBadger:1.1.22] AndroidManifest.xml:50:22-86
89    <uses-permission android:name="android.permission.BROADCAST_CLOSE_SYSTEM_DIALOGS" />
89-->[com.webengage:android-sdk:4.0.0] AndroidManifest.xml:11:5-13:47
89-->[com.webengage:android-sdk:4.0.0] AndroidManifest.xml:12:9-73
90
91    <application
91-->src/main/AndroidManifest.xml:35:5-218:19
92        android:name="school.mero.lms.Application"
92-->src/main/AndroidManifest.xml:36:9-36
93        android:allowBackup="false"
93-->src/main/AndroidManifest.xml:37:9-36
94        android:appComponentFactory="androidx.core.app.CoreComponentFactory"
94-->[androidx.core:core:1.8.0] AndroidManifest.xml:24:18-86
95        android:icon="@mipmap/app_launcher"
95-->src/main/AndroidManifest.xml:38:9-44
96        android:label="Mero School"
96-->src/main/AndroidManifest.xml:41:9-36
97        android:requestLegacyExternalStorage="true"
97-->src/main/AndroidManifest.xml:39:9-52
98        android:supportsRtl="true"
98-->[com.facebook.android:facebook-login:14.1.1] AndroidManifest.xml:28:18-44
99        android:usesCleartextTraffic="true" >
99-->src/main/AndroidManifest.xml:42:9-44
100        <activity
100-->src/main/AndroidManifest.xml:43:9-47:15
101            android:name="school.mero.lms.DownloadTestActivity"
101-->src/main/AndroidManifest.xml:44:13-49
102            android:exported="true"
102-->src/main/AndroidManifest.xml:45:13-36
103            android:theme="@style/Theme.AppCompat" />
103-->src/main/AndroidManifest.xml:46:13-51
104        <activity
104-->src/main/AndroidManifest.xml:48:9-51:52
105            android:name="school.mero.lms.live.DownloadActivity"
105-->src/main/AndroidManifest.xml:49:13-50
106            android:exported="false"
106-->src/main/AndroidManifest.xml:50:13-37
107            android:theme="@style/AppThemeLight" />
107-->src/main/AndroidManifest.xml:51:13-49
108        <activity
108-->src/main/AndroidManifest.xml:52:9-59:47
109            android:name="school.mero.lms.research.SingleHlsVideoActivity"
109-->src/main/AndroidManifest.xml:53:13-60
110            android:configChanges="keyboardHidden|orientation|screenSize|screenLayout"
110-->src/main/AndroidManifest.xml:54:13-87
111            android:excludeFromRecents="true"
111-->src/main/AndroidManifest.xml:55:13-46
112            android:exported="true"
112-->src/main/AndroidManifest.xml:56:13-36
113            android:launchMode="singleTask"
113-->src/main/AndroidManifest.xml:57:13-44
114            android:taskAffinity=""
114-->src/main/AndroidManifest.xml:58:13-36
115            android:theme="@style/AppTheme" />
115-->src/main/AndroidManifest.xml:59:13-44
116        <activity
116-->src/main/AndroidManifest.xml:60:9-147:20
117            android:name="school.mero.lms.MainActivity"
117-->src/main/AndroidManifest.xml:61:13-41
118            android:configChanges="orientation|keyboardHidden|keyboard|screenSize|smallestScreenSize|locale|layoutDirection|fontScale|screenLayout|density|uiMode"
118-->src/main/AndroidManifest.xml:62:13-163
119            android:exported="true"
119-->src/main/AndroidManifest.xml:63:13-36
120            android:hardwareAccelerated="true"
120-->src/main/AndroidManifest.xml:64:13-47
121            android:launchMode="singleTop"
121-->src/main/AndroidManifest.xml:65:13-43
122            android:theme="@style/LaunchTheme"
122-->src/main/AndroidManifest.xml:66:13-47
123            android:windowSoftInputMode="adjustResize" >
123-->src/main/AndroidManifest.xml:67:13-55
124
125            <!--
126                 Specifies an Android theme to apply to this Activity as soon as
127                 the Android process has started. This theme is visible to the user
128                 while the Flutter UI initializes. After that, this theme continues
129                 to determine the Window background behind the Flutter UI.
130            -->
131            <meta-data
131-->src/main/AndroidManifest.xml:75:13-77:57
132                android:name="io.flutter.embedding.android.NormalTheme"
132-->src/main/AndroidManifest.xml:76:17-72
133                android:resource="@style/NormalTheme" />
133-->src/main/AndroidManifest.xml:77:17-54
134            <meta-data
134-->src/main/AndroidManifest.xml:79:13-81:69
135                android:name="com.google.firebase.messaging.default_notification_icon"
135-->src/main/AndroidManifest.xml:80:17-87
136                android:resource="@drawable/ic_notification_icon" />
136-->src/main/AndroidManifest.xml:81:17-66
137
138            <!--
139                 Displays an Android View that continues showing the launch screen
140                 Drawable until Flutter paints its first frame, then this splash
141                 screen fades out. A splash screen is useful to avoid any visual
142                 gap between the end of Android's launch screen and the painting of
143                 Flutter's first frame.
144            -->
145            <!-- <meta-data -->
146            <!-- android:name="io.flutter.embedding.android.SplashScreenDrawable" -->
147            <!-- android:resource="@drawable/launch_background" /> -->
148
149            <intent-filter>
149-->src/main/AndroidManifest.xml:94:13-98:29
150                <action android:name="android.intent.action.MAIN" />
150-->src/main/AndroidManifest.xml:95:17-69
150-->src/main/AndroidManifest.xml:95:25-66
151
152                <category android:name="android.intent.category.LAUNCHER" />
152-->src/main/AndroidManifest.xml:97:17-77
152-->src/main/AndroidManifest.xml:97:27-74
153            </intent-filter>
154            <intent-filter>
154-->src/main/AndroidManifest.xml:99:13-115:29
155
156                <!-- <action android:name="FLUTTER_NOTIFICATION_CLICK" /> -->
157                <action android:name="FLUTTER_NOTIFICATION_CLICK" />
157-->src/main/AndroidManifest.xml:102:17-69
157-->src/main/AndroidManifest.xml:102:25-66
158
159                <category android:name="android.intent.category.DEFAULT" />
159-->src/main/AndroidManifest.xml:104:17-76
159-->src/main/AndroidManifest.xml:104:27-73
160                <category android:name="android.intent.category.BROWSABLE" />
160-->src/main/AndroidManifest.xml:105:17-78
160-->src/main/AndroidManifest.xml:105:27-75
161
162                <data
162-->src/main/AndroidManifest.xml:17:5-36
163                    android:host="demo.mero.school"
163-->src/main/AndroidManifest.xml:108:21-52
164                    android:scheme="meroschool" />
164-->src/main/AndroidManifest.xml:17:11-33
165                <data
165-->src/main/AndroidManifest.xml:17:5-36
166                    android:host="mero.school"
166-->src/main/AndroidManifest.xml:108:21-52
167                    android:scheme="meroschool" />
167-->src/main/AndroidManifest.xml:17:11-33
168            </intent-filter>
169            <intent-filter>
169-->src/main/AndroidManifest.xml:117:13-145:29
170
171                <!-- <action android:name="FLUTTER_NOTIFICATION_CLICK" /> -->
172                <action android:name="android.intent.action.VIEW" />
172-->src/main/AndroidManifest.xml:16:5-57
172-->src/main/AndroidManifest.xml:16:13-54
173
174                <category android:name="android.intent.category.DEFAULT" />
174-->src/main/AndroidManifest.xml:104:17-76
174-->src/main/AndroidManifest.xml:104:27-73
175                <category android:name="android.intent.category.BROWSABLE" />
175-->src/main/AndroidManifest.xml:105:17-78
175-->src/main/AndroidManifest.xml:105:27-75
176
177                <data
177-->src/main/AndroidManifest.xml:17:5-36
178                    android:host="mero.school"
178-->src/main/AndroidManifest.xml:108:21-52
179                    android:pathPrefix="/home/course"
179-->src/main/AndroidManifest.xml:128:21-54
180                    android:scheme="https" />
180-->src/main/AndroidManifest.xml:17:11-33
181                <data
181-->src/main/AndroidManifest.xml:17:5-36
182                    android:host="mero.school"
182-->src/main/AndroidManifest.xml:108:21-52
183                    android:pathPrefix="/home/course"
183-->src/main/AndroidManifest.xml:128:21-54
184                    android:scheme="http" />
184-->src/main/AndroidManifest.xml:17:11-33
185                <data
185-->src/main/AndroidManifest.xml:17:5-36
186                    android:host="share.mero.school"
186-->src/main/AndroidManifest.xml:108:21-52
187                    android:pathPrefix="/home/course"
187-->src/main/AndroidManifest.xml:128:21-54
188                    android:scheme="https" />
188-->src/main/AndroidManifest.xml:17:11-33
189                <data
189-->src/main/AndroidManifest.xml:17:5-36
190                    android:host="share.mero.school"
190-->src/main/AndroidManifest.xml:108:21-52
191                    android:pathPrefix="/home/course"
191-->src/main/AndroidManifest.xml:128:21-54
192                    android:scheme="http" />
192-->src/main/AndroidManifest.xml:17:11-33
193            </intent-filter>
194        </activity>
195        <!--
196 Don't delete the meta-data below.
197             This is used by the Flutter tool to generate GeneratedPluginRegistrant.java
198        -->
199        <meta-data
199-->src/main/AndroidManifest.xml:152:9-154:33
200            android:name="flutterEmbedding"
200-->src/main/AndroidManifest.xml:153:13-44
201            android:value="2" />
201-->src/main/AndroidManifest.xml:154:13-30
202        <!-- Facebook Login configuration -->
203        <meta-data
203-->src/main/AndroidManifest.xml:156:9-158:55
204            android:name="com.facebook.sdk.ApplicationId"
204-->src/main/AndroidManifest.xml:157:13-58
205            android:value="@string/facebook_app_id" />
205-->src/main/AndroidManifest.xml:158:13-52
206        <meta-data
206-->src/main/AndroidManifest.xml:160:9-162:59
207            android:name="com.facebook.sdk.ClientToken"
207-->src/main/AndroidManifest.xml:161:12-55
208            android:value="@string/facebook_client_token" />
208-->src/main/AndroidManifest.xml:162:12-57
209
210        <activity
210-->src/main/AndroidManifest.xml:164:9-169:15
211            android:name="com.facebook.FacebookActivity"
211-->src/main/AndroidManifest.xml:165:13-57
212            android:configChanges="keyboard|keyboardHidden|screenLayout|screenSize|orientation"
212-->src/main/AndroidManifest.xml:166:13-96
213            android:exported="true"
213-->src/main/AndroidManifest.xml:168:13-36
214            android:label="@string/app_name"
214-->src/main/AndroidManifest.xml:167:13-45
215            android:theme="@style/com_facebook_activity_theme" />
215-->[com.facebook.android:facebook-common:14.1.1] AndroidManifest.xml:37:13-63
216        <activity
216-->src/main/AndroidManifest.xml:170:9-181:20
217            android:name="com.facebook.CustomTabActivity"
217-->src/main/AndroidManifest.xml:171:13-58
218            android:exported="true" >
218-->src/main/AndroidManifest.xml:172:13-36
219            <intent-filter>
219-->src/main/AndroidManifest.xml:173:13-180:29
220                <action android:name="android.intent.action.VIEW" />
220-->src/main/AndroidManifest.xml:16:5-57
220-->src/main/AndroidManifest.xml:16:13-54
221
222                <category android:name="android.intent.category.DEFAULT" />
222-->src/main/AndroidManifest.xml:104:17-76
222-->src/main/AndroidManifest.xml:104:27-73
223                <category android:name="android.intent.category.BROWSABLE" />
223-->src/main/AndroidManifest.xml:105:17-78
223-->src/main/AndroidManifest.xml:105:27-75
224
225                <data android:scheme="@string/fb_login_protocol_scheme" />
225-->src/main/AndroidManifest.xml:17:5-36
225-->src/main/AndroidManifest.xml:17:11-33
226            </intent-filter>
227            <intent-filter>
227-->[com.facebook.android:facebook-common:14.1.1] AndroidManifest.xml:43:13-52:29
228                <action android:name="android.intent.action.VIEW" />
228-->src/main/AndroidManifest.xml:16:5-57
228-->src/main/AndroidManifest.xml:16:13-54
229
230                <category android:name="android.intent.category.DEFAULT" />
230-->src/main/AndroidManifest.xml:104:17-76
230-->src/main/AndroidManifest.xml:104:27-73
231                <category android:name="android.intent.category.BROWSABLE" />
231-->src/main/AndroidManifest.xml:105:17-78
231-->src/main/AndroidManifest.xml:105:27-75
232
233                <data
233-->src/main/AndroidManifest.xml:17:5-36
234                    android:host="cct.school.mero.lms"
234-->src/main/AndroidManifest.xml:108:21-52
235                    android:scheme="fbconnect" />
235-->src/main/AndroidManifest.xml:17:11-33
236            </intent-filter>
237        </activity>
238        <activity
238-->src/main/AndroidManifest.xml:182:9-194:20
239            android:name="com.aboutyou.dart_packages.sign_in_with_apple.SignInWithAppleCallback"
239-->src/main/AndroidManifest.xml:183:13-97
240            android:exported="true" >
240-->src/main/AndroidManifest.xml:184:13-36
241            <intent-filter>
241-->src/main/AndroidManifest.xml:185:13-193:29
242                <action android:name="android.intent.action.VIEW" />
242-->src/main/AndroidManifest.xml:16:5-57
242-->src/main/AndroidManifest.xml:16:13-54
243
244                <category android:name="android.intent.category.DEFAULT" />
244-->src/main/AndroidManifest.xml:104:17-76
244-->src/main/AndroidManifest.xml:104:27-73
245                <category android:name="android.intent.category.BROWSABLE" />
245-->src/main/AndroidManifest.xml:105:17-78
245-->src/main/AndroidManifest.xml:105:27-75
246
247                <data android:scheme="signinwithapple" />
247-->src/main/AndroidManifest.xml:17:5-36
247-->src/main/AndroidManifest.xml:17:11-33
248                <data android:path="/callback" />
248-->src/main/AndroidManifest.xml:17:5-36
248-->src/main/AndroidManifest.xml:192:23-47
249            </intent-filter>
250        </activity>
251
252        <meta-data
252-->src/main/AndroidManifest.xml:196:9-198:34
253            android:name="com.webengage.sdk.android.environment"
253-->src/main/AndroidManifest.xml:197:13-65
254            android:value="us" />
254-->src/main/AndroidManifest.xml:198:13-31
255
256        <service
256-->src/main/AndroidManifest.xml:200:9-208:19
257            android:name="school.mero.lms.live.DemoDownloadService"
257-->src/main/AndroidManifest.xml:201:13-53
258            android:exported="false" >
258-->src/main/AndroidManifest.xml:202:13-37
259            <intent-filter>
259-->src/main/AndroidManifest.xml:203:13-207:29
260                <action android:name="com.google.android.exoplayer.downloadService.action.RESTART" />
260-->src/main/AndroidManifest.xml:204:17-102
260-->src/main/AndroidManifest.xml:204:25-99
261
262                <category android:name="android.intent.category.DEFAULT" />
262-->src/main/AndroidManifest.xml:104:17-76
262-->src/main/AndroidManifest.xml:104:27-73
263            </intent-filter>
264        </service>
265        <service
265-->src/main/AndroidManifest.xml:210:9-217:19
266            android:name="school.mero.lms.MyFirebaseMessagingService"
266-->src/main/AndroidManifest.xml:211:13-55
267            android:exported="true" >
267-->src/main/AndroidManifest.xml:212:13-36
268            <intent-filter>
268-->src/main/AndroidManifest.xml:214:13-216:29
269                <action android:name="com.google.firebase.MESSAGING_EVENT" />
269-->src/main/AndroidManifest.xml:215:17-77
269-->src/main/AndroidManifest.xml:215:25-75
270            </intent-filter>
271        </service>
272        <service
272-->[:firebase_messaging] AndroidManifest.xml:14:9-17:72
273            android:name="io.flutter.plugins.firebase.messaging.FlutterFirebaseMessagingBackgroundService"
273-->[:firebase_messaging] AndroidManifest.xml:15:13-107
274            android:exported="false"
274-->[:firebase_messaging] AndroidManifest.xml:16:13-37
275            android:permission="android.permission.BIND_JOB_SERVICE" />
275-->[:firebase_messaging] AndroidManifest.xml:17:13-69
276        <service
276-->[:firebase_messaging] AndroidManifest.xml:18:9-24:19
277            android:name="io.flutter.plugins.firebase.messaging.FlutterFirebaseMessagingService"
277-->[:firebase_messaging] AndroidManifest.xml:19:13-97
278            android:exported="false" >
278-->[:firebase_messaging] AndroidManifest.xml:20:13-37
279            <intent-filter>
279-->src/main/AndroidManifest.xml:214:13-216:29
280                <action android:name="com.google.firebase.MESSAGING_EVENT" />
280-->src/main/AndroidManifest.xml:215:17-77
280-->src/main/AndroidManifest.xml:215:25-75
281            </intent-filter>
282        </service>
283
284        <receiver
284-->[:firebase_messaging] AndroidManifest.xml:26:9-33:20
285            android:name="io.flutter.plugins.firebase.messaging.FlutterFirebaseMessagingReceiver"
285-->[:firebase_messaging] AndroidManifest.xml:27:13-98
286            android:exported="true"
286-->[:firebase_messaging] AndroidManifest.xml:28:13-36
287            android:permission="com.google.android.c2dm.permission.SEND" >
287-->[:firebase_messaging] AndroidManifest.xml:29:13-73
288            <intent-filter>
288-->[:firebase_messaging] AndroidManifest.xml:30:13-32:29
289                <action android:name="com.google.android.c2dm.intent.RECEIVE" />
289-->[:firebase_messaging] AndroidManifest.xml:31:17-81
289-->[:firebase_messaging] AndroidManifest.xml:31:25-78
290            </intent-filter>
291        </receiver>
292
293        <service
293-->[:firebase_messaging] AndroidManifest.xml:35:9-39:19
294            android:name="com.google.firebase.components.ComponentDiscoveryService"
294-->[:firebase_messaging] AndroidManifest.xml:35:18-89
295            android:directBootAware="true"
295-->[com.google.firebase:firebase-common:20.1.2] AndroidManifest.xml:35:13-43
296            android:exported="false" >
296-->[com.google.firebase:firebase-inappmessaging-display:20.1.3] AndroidManifest.xml:25:13-37
297            <meta-data
297-->[:firebase_messaging] AndroidManifest.xml:36:13-38:85
298                android:name="com.google.firebase.components:io.flutter.plugins.firebase.messaging.FlutterFirebaseAppRegistrar"
298-->[:firebase_messaging] AndroidManifest.xml:37:17-128
299                android:value="com.google.firebase.components.ComponentRegistrar" />
299-->[:firebase_messaging] AndroidManifest.xml:38:17-82
300            <meta-data
300-->[:firebase_crashlytics] AndroidManifest.xml:11:13-13:85
301                android:name="com.google.firebase.components:io.flutter.plugins.firebase.crashlytics.FlutterFirebaseAppRegistrar"
301-->[:firebase_crashlytics] AndroidManifest.xml:12:17-130
302                android:value="com.google.firebase.components.ComponentRegistrar" />
302-->[:firebase_crashlytics] AndroidManifest.xml:13:17-82
303            <meta-data
303-->[:firebase_dynamic_links] AndroidManifest.xml:13:13-15:85
304                android:name="com.google.firebase.components:io.flutter.plugins.firebase.dynamiclinks.FlutterFirebaseAppRegistrar"
304-->[:firebase_dynamic_links] AndroidManifest.xml:14:17-131
305                android:value="com.google.firebase.components.ComponentRegistrar" />
305-->[:firebase_dynamic_links] AndroidManifest.xml:15:17-82
306            <meta-data
306-->[:firebase_analytics] AndroidManifest.xml:15:13-17:85